<?xml version="1.0" encoding="UTF-8"?>
<!-- Generated by org.testng.reporters.JUnitXMLReporter -->
<testsuite ignored="1" hostname="Aj28" failures="0" tests="1" name="Default test" time="0.104" errors="0" timestamp="2021-07-22T19:29:18 IST">
  <testcase classname="MavenDemo.FirstMaven.SeleniumTest" name="SeleniumTest1" time="0.013"/>
  <testcase classname="MavenDemo.FirstMaven.SeleniumTest" name="SeleniumTest2" time="0.0">
    <ignored/>
  </testcase> <!-- SeleniumTest2 -->
</testsuite> <!-- Default test -->
