<?xml version="1.0" encoding="UTF-8"?>
<!-- Generated by org.testng.reporters.JUnitXMLReporter -->
<testsuite ignored="0" hostname="Aj28" failures="0" tests="4" name="Test" time="0.062" errors="0" timestamp="2021-07-22T20:03:18 IST">
  <testcase classname="MavenDemo.FirstMaven.AppiumTest" name="AppiumTest1" time="0.004"/>
  <testcase classname="MavenDemo.FirstMaven.AppiumTest" name="AppiumTest2" time="0.001"/>
  <testcase classname="MavenDemo.FirstMaven.RestAPITest" name="RestAPITest1" time="0.0"/>
  <testcase classname="MavenDemo.FirstMaven.RestAPITest" name="RestAPITest2" time="0.0"/>
</testsuite> <!-- Test -->
