<?xml version="1.0" encoding="UTF-8"?>
<testsuite xmlns:xsi="http://www.w3.org/2001/XMLSchema-instance" xsi:noNamespaceSchemaLocation="https://maven.apache.org/surefire/maven-surefire-plugin/xsd/surefire-test-report-3.0.xsd" version="3.0" name="MavenDemo.FirstMaven.SeleniumTest" time="0.649" tests="2" errors="0" skipped="0" failures="0">
  <properties>
[...]
</properties>
  <testcase name="SeleniumTest1" classname="MavenDemo.FirstMaven.SeleniumTest" time="0.006">
    <system-out><![CDATA[Selenium Test1...
]]></system-out>
  </testcase>
  <testcase name="SeleniumTest2" classname="MavenDemo.FirstMaven.SeleniumTest" time="0.001">
    <system-out><![CDATA[Selenium Test2...
]]></system-out>
  </testcase>
</testsuite>