<?xml version="1.0" encoding="UTF-8"?>
<testng-results ignored="1" total="2" passed="1" failed="0" skipped="0">
  <reporter-output>
  </reporter-output>
  <suite started-at="2021-07-22T19:29:18 IST" name="Default suite" finished-at="2021-07-22T19:29:18 IST" duration-ms="104">
    <groups>
    </groups>
    <test started-at="2021-07-22T19:29:18 IST" name="Default test" finished-at="2021-07-22T19:29:18 IST" duration-ms="104">
      <class name="MavenDemo.FirstMaven.SeleniumTest">
        <test-method signature="SeleniumTest1()[pri:0, instance:MavenDemo.FirstMaven.SeleniumTest@625732]" started-at="2021-07-22T19:29:18 IST" name="SeleniumTest1" finished-at="2021-07-22T19:29:18 IST" duration-ms="13" status="PASS">
          <reporter-output>
          </reporter-output>
        </test-method> <!-- SeleniumTest1 -->
      </class> <!-- MavenDemo.FirstMaven.SeleniumTest -->
    </test> <!-- Default test -->
  </suite> <!-- Default suite -->
</testng-results>
